DEBUG 2024-06-27 11:38:27,847 views Received request to create a loan application.
DEBUG 2024-06-27 11:38:27,954 business_logic Validating loan application ID: 18
INFO 2024-06-27 11:38:27,955 business_logic Loan application ID 18 validated successfully.
INFO 2024-06-27 11:38:27,956 views Loan application created successfully.
DEBUG 2024-06-27 11:42:27,131 views Received request to create a loan application.
DEBUG 2024-06-27 11:42:27,188 business_logic Validating loan application ID: 19
WARNING 2024-06-27 11:42:27,190 business_logic Validation errors for loan application ID 19: ['Credit score too low']
WARNING 2024-06-27 11:42:27,191 views Validation errors: ['Credit score too low']
DEBUG 2024-06-27 11:43:19,055 views Received request to create a loan application.
DEBUG 2024-06-27 11:43:19,119 business_logic Validating loan application ID: 20
WARNING 2024-06-27 11:43:19,120 business_logic Validation errors for loan application ID 20: ['Credit score too low']
WARNING 2024-06-27 11:43:19,121 views Validation errors: ['Credit score too low']
DEBUG 2024-06-27 12:38:02,615 views Received request to create a loan application.
DEBUG 2024-06-27 12:38:02,680 business_logic Validating loan application ID: 21
INFO 2024-06-27 12:38:02,681 business_logic Loan application ID 21 validated successfully.
INFO 2024-06-27 12:38:02,682 views Loan application created successfully.
DEBUG 2024-06-27 12:38:17,213 views Received request to approve loan application with ID: 20
DEBUG 2024-06-27 12:38:17,219 business_logic Approving loan application ID: 20
INFO 2024-06-27 12:38:17,245 business_logic Loan application ID 20 approved.
INFO 2024-06-27 12:38:17,246 views Loan application with ID 20 approved.
DEBUG 2024-06-27 12:38:34,983 views Received request to approve loan application with ID: 21
DEBUG 2024-06-27 12:38:34,992 business_logic Approving loan application ID: 21
INFO 2024-06-27 12:38:35,013 business_logic Loan application ID 21 approved.
INFO 2024-06-27 12:38:35,014 views Loan application with ID 21 approved.
DEBUG 2024-06-27 12:38:42,168 views Received request to approve loan application with ID: 19
DEBUG 2024-06-27 12:38:42,176 business_logic Approving loan application ID: 19
INFO 2024-06-27 12:38:42,194 business_logic Loan application ID 19 approved.
INFO 2024-06-27 12:38:42,195 views Loan application with ID 19 approved.
